<?xml version="1.0" encoding="UTF-8"?>
<robot generator="Robot 4.1.2 (Python 3.9.6 on darwin)" generated="20211026 23:50:33.563" rpa="false" schemaversion="2">
<suite id="s1" name="TestSitePractice BDD" source="/Users/laylla.rodrigues/Downloads/robot/SuiteSiteTestePratice/tests/TestSitePractice_BDD.robot">
<test id="s1-t1" name="Cenário 06: Adicionar Cliente">
<kw name="Abrir navegador" library="Resource" type="SETUP">
<kw name="Set Selenium Timeout" library="SeleniumLibrary">
<arg>30s</arg>
<doc>Sets the timeout that is used by various keywords.</doc>
<status status="PASS" starttime="20211026 23:50:33.831" endtime="20211026 23:50:33.831"/>
</kw>
<kw name="Open Browser" library="SeleniumLibrary">
<arg>about:blank</arg>
<arg>${BROWSER}</arg>
<doc>Opens a new browser instance to the optional ``url``.</doc>
<msg timestamp="20211026 23:50:33.832" level="INFO">Opening browser 'chrome' to base url 'about:blank'.</msg>
<status status="PASS" starttime="20211026 23:50:33.831" endtime="20211026 23:50:37.012"/>
</kw>
<status status="PASS" starttime="20211026 23:50:33.830" endtime="20211026 23:50:37.013"/>
</kw>
<kw name="Dado que estou na página home do site">
<kw name="Acessar a página home do site" library="Resource">
<kw name="Go To" library="SeleniumLibrary">
<arg>${URL}</arg>
<doc>Navigates the current browser window to the provided ``url``.</doc>
<msg timestamp="20211026 23:50:37.015" level="INFO">Opening url 'http://automationpractice.com'</msg>
<status status="PASS" starttime="20211026 23:50:37.015" endtime="20211026 23:50:42.782"/>
</kw>
<kw name="Wait Until Element Is Visible" library="SeleniumLibrary">
<arg>xpath=//*[@id="block_top_menu"]/ul</arg>
<doc>Waits until the element ``locator`` is visible.</doc>
<status status="PASS" starttime="20211026 23:50:42.783" endtime="20211026 23:50:42.821"/>
</kw>
<kw name="Title Should Be" library="SeleniumLibrary">
<arg>My Store</arg>
<doc>Verifies that the current page title equals ``title``.</doc>
<msg timestamp="20211026 23:50:42.828" level="INFO">Page title is 'My Store'.</msg>
<status status="PASS" starttime="20211026 23:50:42.822" endtime="20211026 23:50:42.828"/>
</kw>
<status status="PASS" starttime="20211026 23:50:37.014" endtime="20211026 23:50:42.828"/>
</kw>
<status status="PASS" starttime="20211026 23:50:37.013" endtime="20211026 23:50:42.829"/>
</kw>
<kw name="Quando eu solicitar cadastro de novo cliente">
<kw name="Clicar em &quot;Sign in&quot;" library="Resource">
<kw name="Click Element" library="SeleniumLibrary">
<arg>xpath=//*[@id="header"]//*[@class="login"][contains(text(),"Sign in")]</arg>
<doc>Click the element identified by ``locator``.</doc>
<msg timestamp="20211026 23:50:42.830" level="INFO">Clicking element 'xpath=//*[@id="header"]//*[@class="login"][contains(text(),"Sign in")]'.</msg>
<status status="PASS" starttime="20211026 23:50:42.830" endtime="20211026 23:50:45.079"/>
</kw>
<status status="PASS" starttime="20211026 23:50:42.830" endtime="20211026 23:50:45.079"/>
</kw>
<kw name="Informar um e-mail válido" library="Resource">
<kw name="Wait Until Element Is Visible" library="SeleniumLibrary">
<arg>id=email_create</arg>
<doc>Waits until the element ``locator`` is visible.</doc>
<status status="PASS" starttime="20211026 23:50:45.080" endtime="20211026 23:50:45.117"/>
</kw>
<kw name="Generate Random String" library="String">
<var>${EMAIL}</var>
<doc>Generates a string with a desired ``length`` from the given ``chars``.</doc>
<msg timestamp="20211026 23:50:45.119" level="INFO">${EMAIL} = gLSXAyWo</msg>
<status status="PASS" starttime="20211026 23:50:45.118" endtime="20211026 23:50:45.119"/>
</kw>
<kw name="Input Text" library="SeleniumLibrary">
<arg>id=email_create</arg>
<arg>${EMAIL}@testerobot.com</arg>
<doc>Types the given ``text`` into the text field identified by ``locator``.</doc>
<msg timestamp="20211026 23:50:45.121" level="INFO">Typing text 'gLSXAyWo@testerobot.com' into text field 'id=email_create'.</msg>
<status status="PASS" starttime="20211026 23:50:45.120" endtime="20211026 23:50:45.422"/>
</kw>
<status status="PASS" starttime="20211026 23:50:45.079" endtime="20211026 23:50:45.423"/>
</kw>
<kw name="Clicar em &quot;Create an account&quot;" library="Resource">
<kw name="Click Button" library="SeleniumLibrary">
<arg>id=SubmitCreate</arg>
<doc>Clicks the button identified by ``locator``.</doc>
<msg timestamp="20211026 23:50:45.425" level="INFO">Clicking button 'id=SubmitCreate'.</msg>
<status status="PASS" starttime="20211026 23:50:45.424" endtime="20211026 23:50:45.514"/>
</kw>
<status status="PASS" starttime="20211026 23:50:45.423" endtime="20211026 23:50:45.514"/>
</kw>
<kw name="Preencher os dados obrigatórios" library="Resource">
<kw name="Wait Until Element Is Visible" library="SeleniumLibrary">
<arg>xpath=//*[@id="account-creation_form"]//h3[contains(text(),"Your personal information")]</arg>
<doc>Waits until the element ``locator`` is visible.</doc>
<status status="PASS" starttime="20211026 23:50:45.515" endtime="20211026 23:50:47.062"/>
</kw>
<kw name="Click Element" library="SeleniumLibrary">
<arg>id=id_gender2</arg>
<doc>Click the element identified by ``locator``.</doc>
<msg timestamp="20211026 23:50:47.064" level="INFO">Clicking element 'id=id_gender2'.</msg>
<status status="PASS" starttime="20211026 23:50:47.063" endtime="20211026 23:50:47.223"/>
</kw>
<kw name="Input Text" library="SeleniumLibrary">
<arg>id=customer_firstname</arg>
<arg>${Cliente.nome}</arg>
<doc>Types the given ``text`` into the text field identified by ``locator``.</doc>
<msg timestamp="20211026 23:50:47.229" level="INFO">Typing text 'Laylla' into text field 'id=customer_firstname'.</msg>
<status status="PASS" starttime="20211026 23:50:47.225" endtime="20211026 23:50:47.577"/>
</kw>
<kw name="Input Text" library="SeleniumLibrary">
<arg>id=customer_lastname</arg>
<arg>${Cliente.sobrenome}</arg>
<doc>Types the given ``text`` into the text field identified by ``locator``.</doc>
<msg timestamp="20211026 23:50:47.579" level="INFO">Typing text 'Rodrigues' into text field 'id=customer_lastname'.</msg>
<status status="PASS" starttime="20211026 23:50:47.578" endtime="20211026 23:50:47.752"/>
</kw>
<kw name="Input Text" library="SeleniumLibrary">
<arg>id=passwd</arg>
<arg>${Cliente.senha}</arg>
<doc>Types the given ``text`` into the text field identified by ``locator``.</doc>
<msg timestamp="20211026 23:50:47.754" level="INFO">Typing text '123456' into text field 'id=passwd'.</msg>
<status status="PASS" starttime="20211026 23:50:47.752" endtime="20211026 23:50:47.929"/>
</kw>
<kw name="Input Text" library="SeleniumLibrary">
<arg>id=address1</arg>
<arg>${Cliente.endereco}</arg>
<doc>Types the given ``text`` into the text field identified by ``locator``.</doc>
<msg timestamp="20211026 23:50:47.931" level="INFO">Typing text 'Rua Framework, Bairro Robot' into text field 'id=address1'.</msg>
<status status="PASS" starttime="20211026 23:50:47.930" endtime="20211026 23:50:48.157"/>
</kw>
<kw name="Input Text" library="SeleniumLibrary">
<arg>id=city</arg>
<arg>${Cliente.cidade}</arg>
<doc>Types the given ``text`` into the text field identified by ``locator``.</doc>
<msg timestamp="20211026 23:50:48.158" level="INFO">Typing text 'Floripa' into text field 'id=city'.</msg>
<status status="PASS" starttime="20211026 23:50:48.157" endtime="20211026 23:50:48.320"/>
</kw>
<kw name="Set Focus To Element" library="SeleniumLibrary">
<arg>id=id_state</arg>
<doc>Sets the focus to the element identified by ``locator``.</doc>
<status status="PASS" starttime="20211026 23:50:48.320" endtime="20211026 23:50:48.365"/>
</kw>
<kw name="Run Keyword If" library="BuiltIn">
<arg>'${BROWSER}'=='firefox'</arg>
<arg>Wait Until Element Is Visible</arg>
<arg>id=id_state</arg>
<doc>Runs the given keyword with the given arguments, if ``condition`` is true.</doc>
<status status="PASS" starttime="20211026 23:50:48.365" endtime="20211026 23:50:48.366"/>
</kw>
<kw name="Select From List By Index" library="SeleniumLibrary">
<arg>id=id_state</arg>
<arg>${Cliente.estado}</arg>
<doc>Selects options from selection list ``locator`` by ``indexes``.</doc>
<msg timestamp="20211026 23:50:48.368" level="INFO">Selecting options from selection list 'id=id_state' by index 9.</msg>
<status status="PASS" starttime="20211026 23:50:48.366" endtime="20211026 23:50:48.599"/>
</kw>
<kw name="Input Text" library="SeleniumLibrary">
<arg>id=postcode</arg>
<arg>${Cliente.CEP}</arg>
<doc>Types the given ``text`` into the text field identified by ``locator``.</doc>
<msg timestamp="20211026 23:50:48.600" level="INFO">Typing text '12345' into text field 'id=postcode'.</msg>
<status status="PASS" starttime="20211026 23:50:48.599" endtime="20211026 23:50:48.715"/>
</kw>
<kw name="Input Text" library="SeleniumLibrary">
<arg>id=phone_mobile</arg>
<arg>${Cliente.telefone}</arg>
<doc>Types the given ``text`` into the text field identified by ``locator``.</doc>
<msg timestamp="20211026 23:50:48.718" level="INFO">Typing text '99887766' into text field 'id=phone_mobile'.</msg>
<status status="PASS" starttime="20211026 23:50:48.716" endtime="20211026 23:50:48.866"/>
</kw>
<status status="PASS" starttime="20211026 23:50:45.515" endtime="20211026 23:50:48.867"/>
</kw>
<kw name="Submeter cadastro" library="Resource">
<kw name="Click Button" library="SeleniumLibrary">
<arg>submitAccount</arg>
<doc>Clicks the button identified by ``locator``.</doc>
<msg timestamp="20211026 23:50:48.870" level="INFO">Clicking button 'submitAccount'.</msg>
<status status="PASS" starttime="20211026 23:50:48.869" endtime="20211026 23:50:50.889"/>
</kw>
<status status="PASS" starttime="20211026 23:50:48.867" endtime="20211026 23:50:50.889"/>
</kw>
<status status="PASS" starttime="20211026 23:50:42.829" endtime="20211026 23:50:50.889"/>
</kw>
<kw name="Então o cadastro deve ser efetuado com sucesso">
<kw name="Conferir se o cadastro foi efetuado com sucesso" library="Resource">
<kw name="Wait Until Element Is Visible" library="SeleniumLibrary">
<arg>xpath=//*[@id="center_column"]/p</arg>
<doc>Waits until the element ``locator`` is visible.</doc>
<status status="PASS" starttime="20211026 23:50:50.891" endtime="20211026 23:50:50.945"/>
</kw>
<kw name="Element Text Should Be" library="SeleniumLibrary">
<arg>xpath=//*[@id="center_column"]/p</arg>
<arg>Welcome to your account. Here you can manage all of your personal information and orders.</arg>
<doc>Verifies that element ``locator`` contains exact the text ``expected``.</doc>
<msg timestamp="20211026 23:50:50.946" level="INFO">Verifying element 'xpath=//*[@id="center_column"]/p' contains exact text 'Welcome to your account. Here you can manage all of your personal information and orders.'.</msg>
<status status="PASS" starttime="20211026 23:50:50.946" endtime="20211026 23:50:50.966"/>
</kw>
<kw name="Element Text Should Be" library="SeleniumLibrary">
<arg>xpath=//*[@id="header"]/div[2]//div[1]/a/span</arg>
<arg>Laylla Rodrigues</arg>
<doc>Verifies that element ``locator`` contains exact the text ``expected``.</doc>
<msg timestamp="20211026 23:50:50.966" level="INFO">Verifying element 'xpath=//*[@id="header"]/div[2]//div[1]/a/span' contains exact text 'Laylla Rodrigues'.</msg>
<status status="PASS" starttime="20211026 23:50:50.966" endtime="20211026 23:50:50.991"/>
</kw>
<status status="PASS" starttime="20211026 23:50:50.890" endtime="20211026 23:50:50.991"/>
</kw>
<status status="PASS" starttime="20211026 23:50:50.890" endtime="20211026 23:50:50.992"/>
</kw>
<kw name="Fechar navegador" library="Resource" type="TEARDOWN">
<kw name="Close Browser" library="SeleniumLibrary">
<doc>Closes the current browser.</doc>
<status status="PASS" starttime="20211026 23:50:50.993" endtime="20211026 23:50:51.230"/>
</kw>
<status status="PASS" starttime="20211026 23:50:50.992" endtime="20211026 23:50:51.230"/>
</kw>
<status status="PASS" starttime="20211026 23:50:33.829" endtime="20211026 23:50:51.230"/>
</test>
<status status="PASS" starttime="20211026 23:50:33.565" endtime="20211026 23:50:51.237"/>
</suite>
<statistics>
<total>
<stat pass="1" fail="0" skip="0">All Tests</stat>
</total>
<tag>
</tag>
<suite>
<stat pass="1" fail="0" skip="0" id="s1" name="TestSitePractice BDD">TestSitePractice BDD</stat>
</suite>
</statistics>
<errors>
</errors>
</robot>
